---------------------------------------------------------------------------------------------------------------------------------
      name:  <unnamed>
       log:  /Users/saul/Dropbox/Remote Work Startups/main/src/log/user_productivity_precovid.log
  log type:  text
 opened on:  11 Jul 2025, 11:37:50

. 
. // 0) Setup environment
. do "../src/globals.do"

. global raw_data "../data/raw"

. global processed_data  "../data/processed"

. global results "../results/raw"

. global clean_results "../results/cleaned"

. 
. 
. 
. 
. 
end of do-file

. 
. // 1) Load worker‐level panel
. use "$processed_data/user_panel_`panel_variant'.dta", clear

. 
. 
. drop _merge

. 
. 
. gen companyname_c = lower(companyname)

. preserve

.     import delimited "$processed_data/firm_hhi_msa.csv", clear
(encoding automatically selected: ISO-8859-1)
(2 vars, 3,412 obs)

.     rename companyname companyname_c     // lower-case key

. tempfile hhi

. save    `hhi'
file /var/folders/hg/s3xm9w393gxby64_zklmhgbc0000gn/T//S_20662.000002 saved as .dta format

. 
. 
. restore

. 
. merge m:1 companyname_c using `hhi', keep(match) nogen
(variable companyname_c was str52, now str72 to accommodate using data's values)

    Result                      Number of obs
    -----------------------------------------
    Not matched                             0
    Matched                           226,825  
    -----------------------------------------

. 
end of do-file

. do "/var/folders/hg/s3xm9w393gxby64_zklmhgbc0000gn/T//SD20662.000000"

. *============================================================*
. *  do/firm_scaling_regressions.do
. *  — Automated export of OLS, IV, and first‐stage partial F's
. *============================================================*
. 
. // 0) Setup environment
. do "../src/globals.do"

. global raw_data "../data/raw"

. global processed_data  "../data/processed"

. global results "../results/raw"

. global clean_results "../results/cleaned"

. 
. 
. 
. 
. 
end of do-file

. 
. // 1) Load master panel
. use "$processed_data/firm_panel.dta", clear

. 
. // 2) Prepare output dir & tempfile
. local specname   "firm_scaling"

. capture log close
