---------------------------------------------------------------------------------------------------------------------------------
      name:  <unnamed>
       log:  /Users/saul/Dropbox/Remote Work Startups/main/src/log/firm_scaling.log
  log type:  text
 opened on:  11 Jul 2025, 11:38:23

. 
. local result_dir "$results/`specname'"

. capture mkdir "`result_dir'"

. 
. 
. 
. 
. gen companyname_c = lower(companyname)

. preserve

.     import delimited "$processed_data/firm_hhi_msa.csv", clear
(encoding automatically selected: ISO-8859-1)
(2 vars, 3,412 obs)

.     rename companyname companyname_c     // lower-case key

. tempfile hhi

. save    `hhi'
file /var/folders/hg/s3xm9w393gxby64_zklmhgbc0000gn/T//S_20662.000002 saved as .dta format

. 
. 
. restore

. 
. merge m:1 companyname_c using `hhi', keep(match) nogen
(variable companyname_c was str52, now str72 to accommodate using data's values)

    Result                      Number of obs
    -----------------------------------------
    Not matched                             0
    Matched                            35,577  
    -----------------------------------------

. 
. 
end of do-file

. do "/var/folders/hg/s3xm9w393gxby64_zklmhgbc0000gn/T//SD20662.000000"

. *============================================================*
. * do/user_mechanisms_regressions.do
. *  — Automated export of OLS, IV & first-stage F's
. *    across 8 specification columns
. *============================================================*
. 
. capture log close
